ant:1.2
antisamy-markup-formatter:1.1
build-pipeline-plugin:1.5.2
conditional-buildstep:1.3.1
credentials:1.18
cvs:2.11
dashboard-view:2.9.7
disk-usage:0.28
external-monitor-job:1.4
javadoc:1.1
jobConfigHistory:2.13
jquery:1.7.2-1
junit:1.2-beta-4
ldap:1.11
mailer:1.8
matrix-auth:1.1
matrix-project:1.4
maven-plugin:2.7.1
pam-auth:1.1
parameterized-trigger:2.30
project-inheritance:1.5.3
promoted-builds:2.10
rebuild:1.22
redmine:0.15
run-condition:0.10
script-security:1.13
ssh-credentials:1.10
ssh-slaves:1.9
subversion:1.38
token-macro:1.5.1
translation:1.10
windows-slaves:1.0
